<?xml version="1.0" encoding="UTF-8"?>
<testng-results skipped="0" failed="1" ignored="0" total="5" passed="4">
  <reporter-output>
  </reporter-output>
  <suite name="Default suite" duration-ms="2186" started-at="2019-08-13T20:27:18Z" finished-at="2019-08-13T20:27:21Z">
    <groups>
    </groups>
    <test name="Default test" duration-ms="2186" started-at="2019-08-13T20:27:18Z" finished-at="2019-08-13T20:27:21Z">
      <class name="Test.restcountries.AppTest">
        <test-method status="PASS" signature="getCountryOfDhaka()[pri:1, instance:Test.restcountries.AppTest@8bd1b6a]" name="getCountryOfDhaka" duration-ms="1335" started-at="2019-08-13T20:27:18Z" finished-at="2019-08-13T20:27:20Z">
          <reporter-output>
          </reporter-output>
        </test-method> <!-- getCountryOfDhaka -->
        <test-method status="PASS" signature="getCodeOfBangladesh()[pri:2, instance:Test.restcountries.AppTest@8bd1b6a]" name="getCodeOfBangladesh" duration-ms="205" started-at="2019-08-13T20:27:20Z" finished-at="2019-08-13T20:27:20Z">
          <reporter-output>
          </reporter-output>
        </test-method> <!-- getCodeOfBangladesh -->
        <test-method status="PASS" signature="getCountryOfLondon()[pri:3, instance:Test.restcountries.AppTest@8bd1b6a]" name="getCountryOfLondon" duration-ms="170" started-at="2019-08-13T20:27:20Z" finished-at="2019-08-13T20:27:20Z">
          <reporter-output>
          </reporter-output>
        </test-method> <!-- getCountryOfLondon -->
        <test-method status="PASS" signature="getCodeOfUK()[pri:4, instance:Test.restcountries.AppTest@8bd1b6a]" name="getCodeOfUK" duration-ms="195" started-at="2019-08-13T20:27:20Z" finished-at="2019-08-13T20:27:20Z">
          <reporter-output>
          </reporter-output>
        </test-method> <!-- getCodeOfUK -->
        <test-method status="FAIL" signature="testNgtvTC()[pri:5, instance:Test.restcountries.AppTest@8bd1b6a]" name="testNgtvTC" duration-ms="185" started-at="2019-08-13T20:27:20Z" finished-at="2019-08-13T20:27:21Z">
          <exception class="org.json.JSONException">
            <message>
              <![CDATA[A JSONObject text must begin with '{' at 1 [character 2 line 1]]]>
            </message>
            <full-stacktrace>
              <![CDATA[org.json.JSONException: A JSONObject text must begin with '{' at 1 [character 2 line 1]
at org.json.JSONTokener.syntaxError(JSONTokener.java:505)
at org.json.JSONObject.<init>(JSONObject.java:215)
at org.json.JSONObject.<init>(JSONObject.java:399)
at Test.restcountries.APIs.getAlpha2Code(APIs.java:58)
at Test.restcountries.AppTest.testNgtvTC(AppTest.java:50)
at sun.reflect.NativeMethodAccessorImpl.invoke0(Native Method)
at sun.reflect.NativeMethodAccessorImpl.invoke(NativeMethodAccessorImpl.java:62)
at sun.reflect.DelegatingMethodAccessorImpl.invoke(DelegatingMethodAccessorImpl.java:43)
at java.lang.reflect.Method.invoke(Method.java:498)
at org.testng.internal.MethodInvocationHelper.invokeMethod(MethodInvocationHelper.java:124)
at org.testng.internal.Invoker.invokeMethod(Invoker.java:583)
at org.testng.internal.Invoker.invokeTestMethod(Invoker.java:719)
at org.testng.internal.Invoker.invokeTestMethods(Invoker.java:989)
at org.testng.internal.TestMethodWorker.invokeTestMethods(TestMethodWorker.java:125)
at org.testng.internal.TestMethodWorker.run(TestMethodWorker.java:109)
at org.testng.TestRunner.privateRun(TestRunner.java:648)
at org.testng.TestRunner.run(TestRunner.java:505)
at org.testng.SuiteRunner.runTest(SuiteRunner.java:455)
at org.testng.SuiteRunner.runSequentially(SuiteRunner.java:450)
at org.testng.SuiteRunner.privateRun(SuiteRunner.java:415)
at org.testng.SuiteRunner.run(SuiteRunner.java:364)
at org.testng.SuiteRunnerWorker.runSuite(SuiteRunnerWorker.java:52)
at org.testng.SuiteRunnerWorker.run(SuiteRunnerWorker.java:84)
at org.testng.TestNG.runSuitesSequentially(TestNG.java:1208)
at org.testng.TestNG.runSuitesLocally(TestNG.java:1137)
at org.testng.TestNG.runSuites(TestNG.java:1049)
at org.testng.TestNG.run(TestNG.java:1017)
at org.testng.remote.AbstractRemoteTestNG.run(AbstractRemoteTestNG.java:115)
at org.testng.remote.RemoteTestNG.initAndRun(RemoteTestNG.java:251)
at org.testng.remote.RemoteTestNG.main(RemoteTestNG.java:77)
]]>
            </full-stacktrace>
          </exception> <!-- org.json.JSONException -->
          <reporter-output>
          </reporter-output>
        </test-method> <!-- testNgtvTC -->
      </class> <!-- Test.restcountries.AppTest -->
    </test> <!-- Default test -->
  </suite> <!-- Default suite -->
</testng-results>
